\BOOKMARK [0][-]{chapter.1}{\376\377\0001\000\040\000T\000h\000e\000\040\000B\000a\000s\000i\000c\000s}{}% 1
\BOOKMARK [1][-]{section.1.1}{\376\377\0001\000.\0001\000\040\000R\000e\000q\000u\000i\000r\000e\000m\000e\000n\000t\000s}{chapter.1}% 2
\BOOKMARK [1][-]{section.1.2}{\376\377\0001\000.\0002\000\040\000I\000n\000c\000l\000u\000d\000i\000n\000g\000\040\000s\000i\000m\000d\000j\000s\000o\000n}{chapter.1}% 3
\BOOKMARK [1][-]{section.1.3}{\376\377\0001\000.\0003\000\040\000U\000s\000i\000n\000g\000\040\000s\000i\000m\000d\000j\000s\000o\000n\000\040\000a\000s\000\040\000a\000\040\000C\000M\000a\000k\000e\000\040\000d\000e\000p\000e\000n\000d\000e\000n\000c\000y}{chapter.1}% 4
\BOOKMARK [1][-]{section.1.4}{\376\377\0001\000.\0004\000\040\000T\000h\000e\000\040\000B\000a\000s\000i\000c\000s\000:\000\040\000L\000o\000a\000d\000i\000n\000g\000\040\000a\000n\000d\000\040\000P\000a\000r\000s\000i\000n\000g\000\040\000J\000S\000O\000N\000\040\000D\000o\000c\000u\000m\000e\000n\000t\000s}{chapter.1}% 5
\BOOKMARK [1][-]{section.1.5}{\376\377\0001\000.\0005\000\040\000U\000s\000i\000n\000g\000\040\000t\000h\000e\000\040\000P\000a\000r\000s\000e\000d\000\040\000J\000S\000O\000N}{chapter.1}% 6
\BOOKMARK [1][-]{section.1.6}{\376\377\0001\000.\0006\000\040\000C\000+\000+\0001\0001\000\040\000S\000u\000p\000p\000o\000r\000t\000\040\000a\000n\000d\000\040\000s\000t\000r\000i\000n\000g\000\137\000v\000i\000e\000w}{chapter.1}% 7
\BOOKMARK [1][-]{section.1.7}{\376\377\0001\000.\0007\000\040\000C\000+\000+\0001\0007\000\040\000S\000u\000p\000p\000o\000r\000t}{chapter.1}% 8
\BOOKMARK [1][-]{section.1.8}{\376\377\0001\000.\0008\000\040\000M\000i\000n\000i\000f\000y\000i\000n\000g\000\040\000J\000S\000O\000N\000\040\000s\000t\000r\000i\000n\000g\000s\000\040\000w\000i\000t\000h\000o\000u\000t\000\040\000p\000a\000r\000s\000i\000n\000g}{chapter.1}% 9
\BOOKMARK [1][-]{section.1.9}{\376\377\0001\000.\0009\000\040\000U\000T\000F\000-\0008\000\040\000v\000a\000l\000i\000d\000a\000t\000i\000o\000n\000\040\000\050\000a\000l\000o\000n\000e\000\051}{chapter.1}% 10
\BOOKMARK [1][-]{section.1.10}{\376\377\0001\000.\0001\0000\000\040\000J\000S\000O\000N\000\040\000P\000o\000i\000n\000t\000e\000r}{chapter.1}% 11
\BOOKMARK [1][-]{section.1.11}{\376\377\0001\000.\0001\0001\000\040\000E\000r\000r\000o\000r\000\040\000H\000a\000n\000d\000l\000i\000n\000g}{chapter.1}% 12
\BOOKMARK [2][-]{subsection.1.11.1}{\376\377\0001\000.\0001\0001\000.\0001\000\040\000E\000r\000r\000o\000r\000\040\000H\000a\000n\000d\000l\000i\000n\000g\000\040\000E\000x\000a\000m\000p\000l\000e}{section.1.11}% 13
\BOOKMARK [2][-]{subsection.1.11.2}{\376\377\0001\000.\0001\0001\000.\0002\000\040\000E\000x\000c\000e\000p\000t\000i\000o\000n\000s}{section.1.11}% 14
\BOOKMARK [1][-]{section.1.12}{\376\377\0001\000.\0001\0002\000\040\000T\000r\000e\000e\000\040\000W\000a\000l\000k\000i\000n\000g\000\040\000a\000n\000d\000\040\000J\000S\000O\000N\000\040\000E\000l\000e\000m\000e\000n\000t\000\040\000T\000y\000p\000e\000s}{chapter.1}% 15
\BOOKMARK [1][-]{section.1.13}{\376\377\0001\000.\0001\0003\000\040\000N\000e\000w\000l\000i\000n\000e\000-\000D\000e\000l\000i\000m\000i\000t\000e\000d\000\040\000J\000S\000O\000N\000\040\000\050\000n\000d\000j\000s\000o\000n\000\051\000\040\000a\000n\000d\000\040\000J\000S\000O\000N\000\040\000l\000i\000n\000e\000s}{chapter.1}% 16
\BOOKMARK [1][-]{section.1.14}{\376\377\0001\000.\0001\0004\000\040\000T\000h\000r\000e\000a\000d\000\040\000S\000a\000f\000e\000t\000y}{chapter.1}% 17
\BOOKMARK [1][-]{section.1.15}{\376\377\0001\000.\0001\0005\000\040\000B\000a\000c\000k\000w\000a\000r\000d\000s\000\040\000C\000o\000m\000p\000a\000t\000i\000b\000i\000l\000i\000t\000y}{chapter.1}% 18
\BOOKMARK [0][-]{chapter.2}{\376\377\0002\000\040\000T\000h\000e\000\040\000B\000a\000s\000i\000c\000s}{}% 19
\BOOKMARK [1][-]{section.2.1}{\376\377\0002\000.\0001\000\040\000R\000e\000q\000u\000i\000r\000e\000m\000e\000n\000t\000s}{chapter.2}% 20
\BOOKMARK [1][-]{section.2.2}{\376\377\0002\000.\0002\000\040\000I\000n\000c\000l\000u\000d\000i\000n\000g\000\040\000s\000i\000m\000d\000j\000s\000o\000n}{chapter.2}% 21
\BOOKMARK [1][-]{section.2.3}{\376\377\0002\000.\0003\000\040\000U\000s\000i\000n\000g\000\040\000s\000i\000m\000d\000j\000s\000o\000n\000\040\000a\000s\000\040\000a\000\040\000C\000M\000a\000k\000e\000\040\000d\000e\000p\000e\000n\000d\000e\000n\000c\000y}{chapter.2}% 22
\BOOKMARK [1][-]{section.2.4}{\376\377\0002\000.\0004\000\040\000T\000h\000e\000\040\000B\000a\000s\000i\000c\000s\000:\000\040\000L\000o\000a\000d\000i\000n\000g\000\040\000a\000n\000d\000\040\000P\000a\000r\000s\000i\000n\000g\000\040\000J\000S\000O\000N\000\040\000D\000o\000c\000u\000m\000e\000n\000t\000s}{chapter.2}% 23
\BOOKMARK [1][-]{section.2.5}{\376\377\0002\000.\0005\000\040\000U\000s\000i\000n\000g\000\040\000t\000h\000e\000\040\000P\000a\000r\000s\000e\000d\000\040\000J\000S\000O\000N}{chapter.2}% 24
\BOOKMARK [1][-]{section.2.6}{\376\377\0002\000.\0006\000\040\000C\000+\000+\0001\0001\000\040\000S\000u\000p\000p\000o\000r\000t\000\040\000a\000n\000d\000\040\000s\000t\000r\000i\000n\000g\000\137\000v\000i\000e\000w}{chapter.2}% 25
\BOOKMARK [1][-]{section.2.7}{\376\377\0002\000.\0007\000\040\000C\000+\000+\0001\0007\000\040\000S\000u\000p\000p\000o\000r\000t}{chapter.2}% 26
\BOOKMARK [1][-]{section.2.8}{\376\377\0002\000.\0008\000\040\000M\000i\000n\000i\000f\000y\000i\000n\000g\000\040\000J\000S\000O\000N\000\040\000s\000t\000r\000i\000n\000g\000s\000\040\000w\000i\000t\000h\000o\000u\000t\000\040\000p\000a\000r\000s\000i\000n\000g}{chapter.2}% 27
\BOOKMARK [1][-]{section.2.9}{\376\377\0002\000.\0009\000\040\000U\000T\000F\000-\0008\000\040\000v\000a\000l\000i\000d\000a\000t\000i\000o\000n\000\040\000\050\000a\000l\000o\000n\000e\000\051}{chapter.2}% 28
\BOOKMARK [1][-]{section.2.10}{\376\377\0002\000.\0001\0000\000\040\000J\000S\000O\000N\000\040\000P\000o\000i\000n\000t\000e\000r}{chapter.2}% 29
\BOOKMARK [1][-]{section.2.11}{\376\377\0002\000.\0001\0001\000\040\000E\000r\000r\000o\000r\000\040\000H\000a\000n\000d\000l\000i\000n\000g}{chapter.2}% 30
\BOOKMARK [2][-]{subsection.2.11.1}{\376\377\0002\000.\0001\0001\000.\0001\000\040\000E\000r\000r\000o\000r\000\040\000H\000a\000n\000d\000l\000i\000n\000g\000\040\000E\000x\000a\000m\000p\000l\000e}{section.2.11}% 31
\BOOKMARK [2][-]{subsection.2.11.2}{\376\377\0002\000.\0001\0001\000.\0002\000\040\000E\000x\000c\000e\000p\000t\000i\000o\000n\000s}{section.2.11}% 32
\BOOKMARK [1][-]{section.2.12}{\376\377\0002\000.\0001\0002\000\040\000T\000r\000e\000e\000\040\000W\000a\000l\000k\000i\000n\000g\000\040\000a\000n\000d\000\040\000J\000S\000O\000N\000\040\000E\000l\000e\000m\000e\000n\000t\000\040\000T\000y\000p\000e\000s}{chapter.2}% 33
\BOOKMARK [1][-]{section.2.13}{\376\377\0002\000.\0001\0003\000\040\000N\000e\000w\000l\000i\000n\000e\000-\000D\000e\000l\000i\000m\000i\000t\000e\000d\000\040\000J\000S\000O\000N\000\040\000\050\000n\000d\000j\000s\000o\000n\000\051\000\040\000a\000n\000d\000\040\000J\000S\000O\000N\000\040\000l\000i\000n\000e\000s}{chapter.2}% 34
\BOOKMARK [1][-]{section.2.14}{\376\377\0002\000.\0001\0004\000\040\000T\000h\000r\000e\000a\000d\000\040\000S\000a\000f\000e\000t\000y}{chapter.2}% 35
\BOOKMARK [1][-]{section.2.15}{\376\377\0002\000.\0001\0005\000\040\000B\000a\000c\000k\000w\000a\000r\000d\000s\000\040\000C\000o\000m\000p\000a\000t\000i\000b\000i\000l\000i\000t\000y}{chapter.2}% 36
\BOOKMARK [0][-]{chapter.3}{\376\377\0003\000\040\000C\000P\000U\000\040\000A\000r\000c\000h\000i\000t\000e\000c\000t\000u\000r\000e\000-\000S\000p\000e\000c\000i\000f\000i\000c\000\040\000I\000m\000p\000l\000e\000m\000e\000n\000t\000a\000t\000i\000o\000n\000s}{}% 37
\BOOKMARK [1][-]{section.3.1}{\376\377\0003\000.\0001\000\040\000O\000v\000e\000r\000v\000i\000e\000w}{chapter.3}% 38
\BOOKMARK [1][-]{section.3.2}{\376\377\0003\000.\0002\000\040\000R\000u\000n\000t\000i\000m\000e\000\040\000C\000P\000U\000\040\000D\000e\000t\000e\000c\000t\000i\000o\000n}{chapter.3}% 39
\BOOKMARK [1][-]{section.3.3}{\376\377\0003\000.\0003\000\040\000I\000n\000s\000p\000e\000c\000t\000i\000n\000g\000\040\000t\000h\000e\000\040\000D\000e\000t\000e\000c\000t\000e\000d\000\040\000I\000m\000p\000l\000e\000m\000e\000n\000t\000a\000t\000i\000o\000n}{chapter.3}% 40
\BOOKMARK [1][-]{section.3.4}{\376\377\0003\000.\0004\000\040\000Q\000u\000e\000r\000y\000i\000n\000g\000\040\000A\000v\000a\000i\000l\000a\000b\000l\000e\000\040\000I\000m\000p\000l\000e\000m\000e\000n\000t\000a\000t\000i\000o\000n\000s}{chapter.3}% 41
\BOOKMARK [1][-]{section.3.5}{\376\377\0003\000.\0005\000\040\000M\000a\000n\000u\000a\000l\000l\000y\000\040\000S\000e\000l\000e\000c\000t\000i\000n\000g\000\040\000t\000h\000e\000\040\000I\000m\000p\000l\000e\000m\000e\000n\000t\000a\000t\000i\000o\000n}{chapter.3}% 42
\BOOKMARK [0][-]{chapter.4}{\376\377\0004\000\040\000p\000a\000r\000s\000e\000\137\000m\000a\000n\000y}{}% 43
\BOOKMARK [1][-]{section.4.1}{\376\377\0004\000.\0001\000\040\000C\000o\000n\000t\000e\000n\000t\000s}{chapter.4}% 44
\BOOKMARK [1][-]{section.4.2}{\376\377\0004\000.\0002\000\040\000M\000o\000t\000i\000v\000a\000t\000i\000o\000n\000s}{chapter.4}% 45
\BOOKMARK [1][-]{section.4.3}{\376\377\0004\000.\0003\000\040\000P\000e\000r\000f\000o\000r\000m\000a\000n\000c\000e}{chapter.4}% 46
\BOOKMARK [1][-]{section.4.4}{\376\377\0004\000.\0004\000\040\000H\000o\000w\000\040\000i\000t\000\040\000w\000o\000r\000k\000s}{chapter.4}% 47
\BOOKMARK [2][-]{subsection.4.4.1}{\376\377\0004\000.\0004\000.\0001\000\040\000C\000o\000n\000t\000e\000x\000t}{section.4.4}% 48
\BOOKMARK [2][-]{subsection.4.4.2}{\376\377\0004\000.\0004\000.\0002\000\040\000D\000e\000s\000i\000g\000n}{section.4.4}% 49
\BOOKMARK [2][-]{subsection.4.4.3}{\376\377\0004\000.\0004\000.\0003\000\040\000T\000h\000r\000e\000a\000d\000s}{section.4.4}% 50
\BOOKMARK [1][-]{section.4.5}{\376\377\0004\000.\0005\000\040\000S\000u\000p\000p\000o\000r\000t}{chapter.4}% 51
\BOOKMARK [1][-]{section.4.6}{\376\377\0004\000.\0006\000\040\000A\000P\000I}{chapter.4}% 52
\BOOKMARK [1][-]{section.4.7}{\376\377\0004\000.\0007\000\040\000U\000s\000e\000\040\000c\000a\000s\000e\000s}{chapter.4}% 53
\BOOKMARK [0][-]{chapter.5}{\376\377\0005\000\040\000P\000e\000r\000f\000o\000r\000m\000a\000n\000c\000e\000\040\000N\000o\000t\000e\000s}{}% 54
\BOOKMARK [1][-]{section.5.1}{\376\377\0005\000.\0001\000\040\000R\000e\000u\000s\000i\000n\000g\000\040\000t\000h\000e\000\040\000p\000a\000r\000s\000e\000r\000\040\000f\000o\000r\000\040\000m\000a\000x\000i\000m\000u\000m\000\040\000e\000f\000f\000i\000c\000i\000e\000n\000c\000y}{chapter.5}% 55
\BOOKMARK [1][-]{section.5.2}{\376\377\0005\000.\0002\000\040\000S\000e\000r\000v\000e\000r\000\040\000L\000o\000o\000p\000s\000:\000\040\000L\000o\000n\000g\000-\000R\000u\000n\000n\000i\000n\000g\000\040\000P\000r\000o\000c\000e\000s\000s\000e\000s\000\040\000a\000n\000d\000\040\000M\000e\000m\000o\000r\000y\000\040\000C\000a\000p\000a\000c\000i\000t\000y}{chapter.5}% 56
\BOOKMARK [1][-]{section.5.3}{\376\377\0005\000.\0003\000\040\000L\000a\000r\000g\000e\000\040\000f\000i\000l\000e\000s\000\040\000a\000n\000d\000\040\000h\000u\000g\000e\000\040\000p\000a\000g\000e\000\040\000s\000u\000p\000p\000o\000r\000t}{chapter.5}% 57
\BOOKMARK [1][-]{section.5.4}{\376\377\0005\000.\0004\000\040\000C\000o\000m\000p\000u\000t\000e\000d\000\040\000G\000O\000T\000O\000s}{chapter.5}% 58
\BOOKMARK [1][-]{section.5.5}{\376\377\0005\000.\0005\000\040\000N\000u\000m\000b\000e\000r\000\040\000p\000a\000r\000s\000i\000n\000g}{chapter.5}% 59
\BOOKMARK [1][-]{section.5.6}{\376\377\0005\000.\0006\000\040\000V\000i\000s\000u\000a\000l\000\040\000S\000t\000u\000d\000i\000o}{chapter.5}% 60
\BOOKMARK [1][-]{section.5.7}{\376\377\0005\000.\0007\000\040\000D\000o\000w\000n\000c\000l\000o\000c\000k\000i\000n\000g}{chapter.5}% 61
\BOOKMARK [0][-]{chapter.6}{\376\377\0006\000\040\000T\000a\000p\000e\000\040\000s\000t\000r\000u\000c\000t\000u\000r\000e\000\040\000i\000n\000\040\000s\000i\000m\000d\000j\000s\000o\000n}{}% 62
\BOOKMARK [1][-]{section.6.1}{\376\377\0006\000.\0001\000\040\000E\000x\000a\000m\000p\000l\000e}{chapter.6}% 63
\BOOKMARK [2][-]{subsection.6.1.1}{\376\377\0006\000.\0001\000.\0001\000\040\000T\000h\000e\000\040\000T\000a\000p\000e}{section.6.1}% 64
\BOOKMARK [1][-]{section.6.2}{\376\377\0006\000.\0002\000\040\000G\000e\000n\000e\000r\000a\000l\000\040\000f\000o\000r\000m\000a\000l\000\040\000o\000f\000\040\000t\000h\000e\000\040\000t\000a\000p\000e\000\040\000e\000l\000e\000m\000e\000n\000t\000s}{chapter.6}% 65
\BOOKMARK [1][-]{section.6.3}{\376\377\0006\000.\0003\000\040\000S\000i\000m\000p\000l\000e\000\040\000J\000S\000O\000N\000\040\000v\000a\000l\000u\000e\000s}{chapter.6}% 66
\BOOKMARK [1][-]{section.6.4}{\376\377\0006\000.\0004\000\040\000I\000n\000t\000e\000g\000e\000r\000\040\000a\000n\000d\000\040\000D\000o\000u\000b\000l\000e\000\040\000v\000a\000l\000u\000e\000s}{chapter.6}% 67
\BOOKMARK [1][-]{section.6.5}{\376\377\0006\000.\0005\000\040\000R\000o\000o\000t\000\040\000n\000o\000d\000e}{chapter.6}% 68
\BOOKMARK [1][-]{section.6.6}{\376\377\0006\000.\0006\000\040\000S\000t\000r\000i\000n\000g\000s}{chapter.6}% 69
\BOOKMARK [1][-]{section.6.7}{\376\377\0006\000.\0007\000\040\000A\000r\000r\000a\000y\000s}{chapter.6}% 70
\BOOKMARK [1][-]{section.6.8}{\376\377\0006\000.\0008\000\040\000O\000b\000j\000e\000c\000t\000s}{chapter.6}% 71
\BOOKMARK [0][-]{chapter.7}{\376\377\0007\000\040\000D\000e\000p\000r\000e\000c\000a\000t\000e\000d\000\040\000L\000i\000s\000t}{}% 72
\BOOKMARK [0][-]{chapter.8}{\376\377\0008\000\040\000H\000i\000e\000r\000a\000r\000c\000h\000i\000c\000a\000l\000\040\000I\000n\000d\000e\000x}{}% 73
\BOOKMARK [1][-]{section.8.1}{\376\377\0008\000.\0001\000\040\000C\000l\000a\000s\000s\000\040\000H\000i\000e\000r\000a\000r\000c\000h\000y}{chapter.8}% 74
\BOOKMARK [0][-]{chapter.9}{\376\377\0009\000\040\000C\000l\000a\000s\000s\000\040\000I\000n\000d\000e\000x}{}% 75
\BOOKMARK [1][-]{section.9.1}{\376\377\0009\000.\0001\000\040\000C\000l\000a\000s\000s\000\040\000L\000i\000s\000t}{chapter.9}% 76
\BOOKMARK [0][-]{chapter.10}{\376\377\0001\0000\000\040\000F\000i\000l\000e\000\040\000I\000n\000d\000e\000x}{}% 77
\BOOKMARK [1][-]{section.10.1}{\376\377\0001\0000\000.\0001\000\040\000F\000i\000l\000e\000\040\000L\000i\000s\000t}{chapter.10}% 78
\BOOKMARK [0][-]{chapter.11}{\376\377\0001\0001\000\040\000C\000l\000a\000s\000s\000\040\000D\000o\000c\000u\000m\000e\000n\000t\000a\000t\000i\000o\000n}{}% 79
\BOOKMARK [1][-]{section.11.1}{\376\377\0001\0001\000.\0001\000\040\000s\000i\000m\000d\000j\000s\000o\000n\000:\000:\000d\000o\000m\000:\000:\000a\000r\000r\000a\000y\000\040\000C\000l\000a\000s\000s\000\040\000R\000e\000f\000e\000r\000e\000n\000c\000e}{chapter.11}% 80
\BOOKMARK [2][-]{subsection.11.1.1}{\376\377\0001\0001\000.\0001\000.\0001\000\040\000D\000e\000t\000a\000i\000l\000e\000d\000\040\000D\000e\000s\000c\000r\000i\000p\000t\000i\000o\000n}{section.11.1}% 81
\BOOKMARK [2][-]{subsection.11.1.2}{\376\377\0001\0001\000.\0001\000.\0002\000\040\000M\000e\000m\000b\000e\000r\000\040\000F\000u\000n\000c\000t\000i\000o\000n\000\040\000D\000o\000c\000u\000m\000e\000n\000t\000a\000t\000i\000o\000n}{section.11.1}% 82
\BOOKMARK [3][-]{subsubsection.11.1.2.1}{\376\377\0001\0001\000.\0001\000.\0002\000.\0001\000\040\000a\000t\000\050\000\051\000\040\000[\0001\000/\0002\000]}{subsection.11.1.2}% 83
\BOOKMARK [3][-]{subsubsection.11.1.2.2}{\376\377\0001\0001\000.\0001\000.\0002\000.\0002\000\040\000a\000t\000\050\000\051\000\040\000[\0002\000/\0002\000]}{subsection.11.1.2}% 84
\BOOKMARK [3][-]{subsubsection.11.1.2.3}{\376\377\0001\0001\000.\0001\000.\0002\000.\0003\000\040\000b\000e\000g\000i\000n\000\050\000\051}{subsection.11.1.2}% 85
\BOOKMARK [3][-]{subsubsection.11.1.2.4}{\376\377\0001\0001\000.\0001\000.\0002\000.\0004\000\040\000e\000n\000d\000\050\000\051}{subsection.11.1.2}% 86
\BOOKMARK [3][-]{subsubsection.11.1.2.5}{\376\377\0001\0001\000.\0001\000.\0002\000.\0005\000\040\000s\000i\000z\000e\000\050\000\051}{subsection.11.1.2}% 87
\BOOKMARK [1][-]{section.11.2}{\376\377\0001\0001\000.\0002\000\040\000s\000i\000m\000d\000j\000s\000o\000n\000:\000:\000d\000o\000m\000:\000:\000d\000o\000c\000u\000m\000e\000n\000t\000\040\000C\000l\000a\000s\000s\000\040\000R\000e\000f\000e\000r\000e\000n\000c\000e}{chapter.11}% 88
\BOOKMARK [2][-]{subsection.11.2.1}{\376\377\0001\0001\000.\0002\000.\0001\000\040\000D\000e\000t\000a\000i\000l\000e\000d\000\040\000D\000e\000s\000c\000r\000i\000p\000t\000i\000o\000n}{section.11.2}% 89
\BOOKMARK [2][-]{subsection.11.2.2}{\376\377\0001\0001\000.\0002\000.\0002\000\040\000C\000o\000n\000s\000t\000r\000u\000c\000t\000o\000r\000\040\000\046\000\040\000D\000e\000s\000t\000r\000u\000c\000t\000o\000r\000\040\000D\000o\000c\000u\000m\000e\000n\000t\000a\000t\000i\000o\000n}{section.11.2}% 90
\BOOKMARK [3][-]{subsubsection.11.2.2.1}{\376\377\0001\0001\000.\0002\000.\0002\000.\0001\000\040\000d\000o\000c\000u\000m\000e\000n\000t\000\050\000\051\000\040\000[\0001\000/\0002\000]}{subsection.11.2.2}% 91
\BOOKMARK [3][-]{subsubsection.11.2.2.2}{\376\377\0001\0001\000.\0002\000.\0002\000.\0002\000\040\000d\000o\000c\000u\000m\000e\000n\000t\000\050\000\051\000\040\000[\0002\000/\0002\000]}{subsection.11.2.2}% 92
\BOOKMARK [2][-]{subsection.11.2.3}{\376\377\0001\0001\000.\0002\000.\0003\000\040\000M\000e\000m\000b\000e\000r\000\040\000F\000u\000n\000c\000t\000i\000o\000n\000\040\000D\000o\000c\000u\000m\000e\000n\000t\000a\000t\000i\000o\000n}{section.11.2}% 93
\BOOKMARK [3][-]{subsubsection.11.2.3.1}{\376\377\0001\0001\000.\0002\000.\0003\000.\0001\000\040\000o\000p\000e\000r\000a\000t\000o\000r\000=\000\050\000\051}{subsection.11.2.3}% 94
\BOOKMARK [1][-]{section.11.3}{\376\377\0001\0001\000.\0003\000\040\000s\000i\000m\000d\000j\000s\000o\000n\000:\000:\000d\000o\000m\000:\000:\000d\000o\000c\000u\000m\000e\000n\000t\000\137\000s\000t\000r\000e\000a\000m\000\040\000C\000l\000a\000s\000s\000\040\000R\000e\000f\000e\000r\000e\000n\000c\000e}{chapter.11}% 95
\BOOKMARK [2][-]{subsection.11.3.1}{\376\377\0001\0001\000.\0003\000.\0001\000\040\000D\000e\000t\000a\000i\000l\000e\000d\000\040\000D\000e\000s\000c\000r\000i\000p\000t\000i\000o\000n}{section.11.3}% 96
\BOOKMARK [2][-]{subsection.11.3.2}{\376\377\0001\0001\000.\0003\000.\0002\000\040\000C\000o\000n\000s\000t\000r\000u\000c\000t\000o\000r\000\040\000\046\000\040\000D\000e\000s\000t\000r\000u\000c\000t\000o\000r\000\040\000D\000o\000c\000u\000m\000e\000n\000t\000a\000t\000i\000o\000n}{section.11.3}% 97
\BOOKMARK [3][-]{subsubsection.11.3.2.1}{\376\377\0001\0001\000.\0003\000.\0002\000.\0001\000\040\000d\000o\000c\000u\000m\000e\000n\000t\000\137\000s\000t\000r\000e\000a\000m\000\050\000\051}{subsection.11.3.2}% 98
\BOOKMARK [1][-]{section.11.4}{\376\377\0001\0001\000.\0004\000\040\000s\000i\000m\000d\000j\000s\000o\000n\000:\000:\000d\000o\000m\000:\000:\000e\000l\000e\000m\000e\000n\000t\000\040\000C\000l\000a\000s\000s\000\040\000R\000e\000f\000e\000r\000e\000n\000c\000e}{chapter.11}% 99
\BOOKMARK [2][-]{subsection.11.4.1}{\376\377\0001\0001\000.\0004\000.\0001\000\040\000D\000e\000t\000a\000i\000l\000e\000d\000\040\000D\000e\000s\000c\000r\000i\000p\000t\000i\000o\000n}{section.11.4}% 100
\BOOKMARK [2][-]{subsection.11.4.2}{\376\377\0001\0001\000.\0004\000.\0002\000\040\000M\000e\000m\000b\000e\000r\000\040\000F\000u\000n\000c\000t\000i\000o\000n\000\040\000D\000o\000c\000u\000m\000e\000n\000t\000a\000t\000i\000o\000n}{section.11.4}% 101
\BOOKMARK [3][-]{subsubsection.11.4.2.1}{\376\377\0001\0001\000.\0004\000.\0002\000.\0001\000\040\000a\000t\000\050\000\051\000\040\000[\0001\000/\0002\000]}{subsection.11.4.2}% 102
\BOOKMARK [3][-]{subsubsection.11.4.2.2}{\376\377\0001\0001\000.\0004\000.\0002\000.\0002\000\040\000a\000t\000\050\000\051\000\040\000[\0002\000/\0002\000]}{subsection.11.4.2}% 103
\BOOKMARK [3][-]{subsubsection.11.4.2.3}{\376\377\0001\0001\000.\0004\000.\0002\000.\0003\000\040\000a\000t\000\137\000k\000e\000y\000\050\000\051}{subsection.11.4.2}% 104
\BOOKMARK [3][-]{subsubsection.11.4.2.4}{\376\377\0001\0001\000.\0004\000.\0002\000.\0004\000\040\000a\000t\000\137\000k\000e\000y\000\137\000c\000a\000s\000e\000\137\000i\000n\000s\000e\000n\000s\000i\000t\000i\000v\000e\000\050\000\051}{subsection.11.4.2}% 105
\BOOKMARK [3][-]{subsubsection.11.4.2.5}{\376\377\0001\0001\000.\0004\000.\0002\000.\0005\000\040\000b\000e\000g\000i\000n\000\050\000\051}{subsection.11.4.2}% 106
\BOOKMARK [3][-]{subsubsection.11.4.2.6}{\376\377\0001\0001\000.\0004\000.\0002\000.\0006\000\040\000e\000n\000d\000\050\000\051}{subsection.11.4.2}% 107
\BOOKMARK [3][-]{subsubsection.11.4.2.7}{\376\377\0001\0001\000.\0004\000.\0002\000.\0007\000\040\000g\000e\000t\000\050\000\051\000\040\000[\0001\000/\0002\000]}{subsection.11.4.2}% 108
\BOOKMARK [3][-]{subsubsection.11.4.2.8}{\376\377\0001\0001\000.\0004\000.\0002\000.\0008\000\040\000g\000e\000t\000\050\000\051\000\040\000[\0002\000/\0002\000]}{subsection.11.4.2}% 109
\BOOKMARK [3][-]{subsubsection.11.4.2.9}{\376\377\0001\0001\000.\0004\000.\0002\000.\0009\000\040\000g\000e\000t\000\137\000a\000r\000r\000a\000y\000\050\000\051}{subsection.11.4.2}% 110
\BOOKMARK [3][-]{subsubsection.11.4.2.10}{\376\377\0001\0001\000.\0004\000.\0002\000.\0001\0000\000\040\000g\000e\000t\000\137\000b\000o\000o\000l\000\050\000\051}{subsection.11.4.2}% 111
\BOOKMARK [3][-]{subsubsection.11.4.2.11}{\376\377\0001\0001\000.\0004\000.\0002\000.\0001\0001\000\040\000g\000e\000t\000\137\000c\000\137\000s\000t\000r\000\050\000\051}{subsection.11.4.2}% 112
\BOOKMARK [3][-]{subsubsection.11.4.2.12}{\376\377\0001\0001\000.\0004\000.\0002\000.\0001\0002\000\040\000g\000e\000t\000\137\000d\000o\000u\000b\000l\000e\000\050\000\051}{subsection.11.4.2}% 113
\BOOKMARK [3][-]{subsubsection.11.4.2.13}{\376\377\0001\0001\000.\0004\000.\0002\000.\0001\0003\000\040\000g\000e\000t\000\137\000i\000n\000t\0006\0004\000\050\000\051}{subsection.11.4.2}% 114
\BOOKMARK [3][-]{subsubsection.11.4.2.14}{\376\377\0001\0001\000.\0004\000.\0002\000.\0001\0004\000\040\000g\000e\000t\000\137\000o\000b\000j\000e\000c\000t\000\050\000\051}{subsection.11.4.2}% 115
\BOOKMARK [3][-]{subsubsection.11.4.2.15}{\376\377\0001\0001\000.\0004\000.\0002\000.\0001\0005\000\040\000g\000e\000t\000\137\000s\000t\000r\000i\000n\000g\000\050\000\051}{subsection.11.4.2}% 116
\BOOKMARK [3][-]{subsubsection.11.4.2.16}{\376\377\0001\0001\000.\0004\000.\0002\000.\0001\0006\000\040\000g\000e\000t\000\137\000s\000t\000r\000i\000n\000g\000\137\000l\000e\000n\000g\000t\000h\000\050\000\051}{subsection.11.4.2}% 117
\BOOKMARK [3][-]{subsubsection.11.4.2.17}{\376\377\0001\0001\000.\0004\000.\0002\000.\0001\0007\000\040\000g\000e\000t\000\137\000u\000i\000n\000t\0006\0004\000\050\000\051}{subsection.11.4.2}% 118
\BOOKMARK [3][-]{subsubsection.11.4.2.18}{\376\377\0001\0001\000.\0004\000.\0002\000.\0001\0008\000\040\000i\000s\000\050\000\051}{subsection.11.4.2}% 119
\BOOKMARK [3][-]{subsubsection.11.4.2.19}{\376\377\0001\0001\000.\0004\000.\0002\000.\0001\0009\000\040\000i\000s\000\137\000a\000r\000r\000a\000y\000\050\000\051}{subsection.11.4.2}% 120
\BOOKMARK [3][-]{subsubsection.11.4.2.20}{\376\377\0001\0001\000.\0004\000.\0002\000.\0002\0000\000\040\000i\000s\000\137\000b\000o\000o\000l\000\050\000\051}{subsection.11.4.2}% 121
\BOOKMARK [3][-]{subsubsection.11.4.2.21}{\376\377\0001\0001\000.\0004\000.\0002\000.\0002\0001\000\040\000i\000s\000\137\000d\000o\000u\000b\000l\000e\000\050\000\051}{subsection.11.4.2}% 122
\BOOKMARK [3][-]{subsubsection.11.4.2.22}{\376\377\0001\0001\000.\0004\000.\0002\000.\0002\0002\000\040\000i\000s\000\137\000i\000n\000t\0006\0004\000\050\000\051}{subsection.11.4.2}% 123
\BOOKMARK [3][-]{subsubsection.11.4.2.23}{\376\377\0001\0001\000.\0004\000.\0002\000.\0002\0003\000\040\000i\000s\000\137\000n\000u\000m\000b\000e\000r\000\050\000\051}{subsection.11.4.2}% 124
\BOOKMARK [3][-]{subsubsection.11.4.2.24}{\376\377\0001\0001\000.\0004\000.\0002\000.\0002\0004\000\040\000i\000s\000\137\000o\000b\000j\000e\000c\000t\000\050\000\051}{subsection.11.4.2}% 125
\BOOKMARK [3][-]{subsubsection.11.4.2.25}{\376\377\0001\0001\000.\0004\000.\0002\000.\0002\0005\000\040\000i\000s\000\137\000s\000t\000r\000i\000n\000g\000\050\000\051}{subsection.11.4.2}% 126
\BOOKMARK [3][-]{subsubsection.11.4.2.26}{\376\377\0001\0001\000.\0004\000.\0002\000.\0002\0006\000\040\000i\000s\000\137\000u\000i\000n\000t\0006\0004\000\050\000\051}{subsection.11.4.2}% 127
\BOOKMARK [3][-]{subsubsection.11.4.2.27}{\376\377\0001\0001\000.\0004\000.\0002\000.\0002\0007\000\040\000o\000p\000e\000r\000a\000t\000o\000r\000\040\000a\000r\000r\000a\000y\000\050\000\051}{subsection.11.4.2}% 128
\BOOKMARK [3][-]{subsubsection.11.4.2.28}{\376\377\0001\0001\000.\0004\000.\0002\000.\0002\0008\000\040\000o\000p\000e\000r\000a\000t\000o\000r\000\040\000b\000o\000o\000l\000\050\000\051}{subsection.11.4.2}% 129
\BOOKMARK [3][-]{subsubsection.11.4.2.29}{\376\377\0001\0001\000.\0004\000.\0002\000.\0002\0009\000\040\000o\000p\000e\000r\000a\000t\000o\000r\000\040\000c\000o\000n\000s\000t\000\040\000c\000h\000a\000r\000\040\000*\000\050\000\051}{subsection.11.4.2}% 130
\BOOKMARK [3][-]{subsubsection.11.4.2.30}{\376\377\0001\0001\000.\0004\000.\0002\000.\0003\0000\000\040\000o\000p\000e\000r\000a\000t\000o\000r\000\040\000d\000o\000u\000b\000l\000e\000\050\000\051}{subsection.11.4.2}% 131
\BOOKMARK [3][-]{subsubsection.11.4.2.31}{\376\377\0001\0001\000.\0004\000.\0002\000.\0003\0001\000\040\000o\000p\000e\000r\000a\000t\000o\000r\000\040\000i\000n\000t\0006\0004\000\137\000t\000\050\000\051}{subsection.11.4.2}% 132
\BOOKMARK [3][-]{subsubsection.11.4.2.32}{\376\377\0001\0001\000.\0004\000.\0002\000.\0003\0002\000\040\000o\000p\000e\000r\000a\000t\000o\000r\000\040\000o\000b\000j\000e\000c\000t\000\050\000\051}{subsection.11.4.2}% 133
\BOOKMARK [3][-]{subsubsection.11.4.2.33}{\376\377\0001\0001\000.\0004\000.\0002\000.\0003\0003\000\040\000o\000p\000e\000r\000a\000t\000o\000r\000\040\000s\000t\000d\000:\000:\000s\000t\000r\000i\000n\000g\000\137\000v\000i\000e\000w\000\050\000\051}{subsection.11.4.2}% 134
\BOOKMARK [3][-]{subsubsection.11.4.2.34}{\376\377\0001\0001\000.\0004\000.\0002\000.\0003\0004\000\040\000o\000p\000e\000r\000a\000t\000o\000r\000\040\000u\000i\000n\000t\0006\0004\000\137\000t\000\050\000\051}{subsection.11.4.2}% 135
\BOOKMARK [3][-]{subsubsection.11.4.2.35}{\376\377\0001\0001\000.\0004\000.\0002\000.\0003\0005\000\040\000o\000p\000e\000r\000a\000t\000o\000r\000[\000]\000\050\000\051\000\040\000[\0001\000/\0002\000]}{subsection.11.4.2}% 136
\BOOKMARK [3][-]{subsubsection.11.4.2.36}{\376\377\0001\0001\000.\0004\000.\0002\000.\0003\0006\000\040\000o\000p\000e\000r\000a\000t\000o\000r\000[\000]\000\050\000\051\000\040\000[\0002\000/\0002\000]}{subsection.11.4.2}% 137
\BOOKMARK [3][-]{subsubsection.11.4.2.37}{\376\377\0001\0001\000.\0004\000.\0002\000.\0003\0007\000\040\000t\000i\000e\000\050\000\051}{subsection.11.4.2}% 138
\BOOKMARK [1][-]{section.11.5}{\376\377\0001\0001\000.\0005\000\040\000s\000i\000m\000d\000j\000s\000o\000n\000:\000:\000i\000m\000p\000l\000e\000m\000e\000n\000t\000a\000t\000i\000o\000n\000\040\000C\000l\000a\000s\000s\000\040\000R\000e\000f\000e\000r\000e\000n\000c\000e}{chapter.11}% 139
\BOOKMARK [2][-]{subsection.11.5.1}{\376\377\0001\0001\000.\0005\000.\0001\000\040\000D\000e\000t\000a\000i\000l\000e\000d\000\040\000D\000e\000s\000c\000r\000i\000p\000t\000i\000o\000n}{section.11.5}% 140
\BOOKMARK [2][-]{subsection.11.5.2}{\376\377\0001\0001\000.\0005\000.\0002\000\040\000M\000e\000m\000b\000e\000r\000\040\000F\000u\000n\000c\000t\000i\000o\000n\000\040\000D\000o\000c\000u\000m\000e\000n\000t\000a\000t\000i\000o\000n}{section.11.5}% 141
\BOOKMARK [3][-]{subsubsection.11.5.2.1}{\376\377\0001\0001\000.\0005\000.\0002\000.\0001\000\040\000d\000e\000s\000c\000r\000i\000p\000t\000i\000o\000n\000\050\000\051}{subsection.11.5.2}% 142
\BOOKMARK [3][-]{subsubsection.11.5.2.2}{\376\377\0001\0001\000.\0005\000.\0002\000.\0002\000\040\000n\000a\000m\000e\000\050\000\051}{subsection.11.5.2}% 143
\BOOKMARK [3][-]{subsubsection.11.5.2.3}{\376\377\0001\0001\000.\0005\000.\0002\000.\0003\000\040\000v\000a\000l\000i\000d\000a\000t\000e\000\137\000u\000t\000f\0008\000\050\000\051}{subsection.11.5.2}% 144
\BOOKMARK [1][-]{section.11.6}{\376\377\0001\0001\000.\0006\000\040\000s\000i\000m\000d\000j\000s\000o\000n\000:\000:\000d\000o\000m\000:\000:\000a\000r\000r\000a\000y\000:\000:\000i\000t\000e\000r\000a\000t\000o\000r\000\040\000C\000l\000a\000s\000s\000\040\000R\000e\000f\000e\000r\000e\000n\000c\000e}{chapter.11}% 145
\BOOKMARK [2][-]{subsection.11.6.1}{\376\377\0001\0001\000.\0006\000.\0001\000\040\000D\000e\000t\000a\000i\000l\000e\000d\000\040\000D\000e\000s\000c\000r\000i\000p\000t\000i\000o\000n}{section.11.6}% 146
\BOOKMARK [2][-]{subsection.11.6.2}{\376\377\0001\0001\000.\0006\000.\0002\000\040\000M\000e\000m\000b\000e\000r\000\040\000F\000u\000n\000c\000t\000i\000o\000n\000\040\000D\000o\000c\000u\000m\000e\000n\000t\000a\000t\000i\000o\000n}{section.11.6}% 147
\BOOKMARK [3][-]{subsubsection.11.6.2.1}{\376\377\0001\0001\000.\0006\000.\0002\000.\0001\000\040\000o\000p\000e\000r\000a\000t\000o\000r\000!\000=\000\050\000\051}{subsection.11.6.2}% 148
\BOOKMARK [3][-]{subsubsection.11.6.2.2}{\376\377\0001\0001\000.\0006\000.\0002\000.\0002\000\040\000o\000p\000e\000r\000a\000t\000o\000r\000+\000+\000\050\000\051}{subsection.11.6.2}% 149
\BOOKMARK [1][-]{section.11.7}{\376\377\0001\0001\000.\0007\000\040\000s\000i\000m\000d\000j\000s\000o\000n\000:\000:\000d\000o\000m\000:\000:\000o\000b\000j\000e\000c\000t\000:\000:\000i\000t\000e\000r\000a\000t\000o\000r\000\040\000C\000l\000a\000s\000s\000\040\000R\000e\000f\000e\000r\000e\000n\000c\000e}{chapter.11}% 150
\BOOKMARK [2][-]{subsection.11.7.1}{\376\377\0001\0001\000.\0007\000.\0001\000\040\000D\000e\000t\000a\000i\000l\000e\000d\000\040\000D\000e\000s\000c\000r\000i\000p\000t\000i\000o\000n}{section.11.7}% 151
\BOOKMARK [2][-]{subsection.11.7.2}{\376\377\0001\0001\000.\0007\000.\0002\000\040\000M\000e\000m\000b\000e\000r\000\040\000F\000u\000n\000c\000t\000i\000o\000n\000\040\000D\000o\000c\000u\000m\000e\000n\000t\000a\000t\000i\000o\000n}{section.11.7}% 152
\BOOKMARK [3][-]{subsubsection.11.7.2.1}{\376\377\0001\0001\000.\0007\000.\0002\000.\0001\000\040\000k\000e\000y\000\137\000e\000q\000u\000a\000l\000s\000\050\000\051}{subsection.11.7.2}% 153
\BOOKMARK [3][-]{subsubsection.11.7.2.2}{\376\377\0001\0001\000.\0007\000.\0002\000.\0002\000\040\000k\000e\000y\000\137\000e\000q\000u\000a\000l\000s\000\137\000c\000a\000s\000e\000\137\000i\000n\000s\000e\000n\000s\000i\000t\000i\000v\000e\000\050\000\051}{subsection.11.7.2}% 154
\BOOKMARK [3][-]{subsubsection.11.7.2.3}{\376\377\0001\0001\000.\0007\000.\0002\000.\0003\000\040\000k\000e\000y\000\137\000l\000e\000n\000g\000t\000h\000\050\000\051}{subsection.11.7.2}% 155
\BOOKMARK [3][-]{subsubsection.11.7.2.4}{\376\377\0001\0001\000.\0007\000.\0002\000.\0004\000\040\000o\000p\000e\000r\000a\000t\000o\000r\000!\000=\000\050\000\051}{subsection.11.7.2}% 156
\BOOKMARK [3][-]{subsubsection.11.7.2.5}{\376\377\0001\0001\000.\0007\000.\0002\000.\0005\000\040\000o\000p\000e\000r\000a\000t\000o\000r\000+\000+\000\050\000\051}{subsection.11.7.2}% 157
\BOOKMARK [1][-]{section.11.8}{\376\377\0001\0001\000.\0008\000\040\000s\000i\000m\000d\000j\000s\000o\000n\000:\000:\000d\000o\000m\000:\000:\000d\000o\000c\000u\000m\000e\000n\000t\000\137\000s\000t\000r\000e\000a\000m\000:\000:\000i\000t\000e\000r\000a\000t\000o\000r\000\040\000C\000l\000a\000s\000s\000\040\000R\000e\000f\000e\000r\000e\000n\000c\000e}{chapter.11}% 158
\BOOKMARK [2][-]{subsection.11.8.1}{\376\377\0001\0001\000.\0008\000.\0001\000\040\000D\000e\000t\000a\000i\000l\000e\000d\000\040\000D\000e\000s\000c\000r\000i\000p\000t\000i\000o\000n}{section.11.8}% 159
\BOOKMARK [2][-]{subsection.11.8.2}{\376\377\0001\0001\000.\0008\000.\0002\000\040\000M\000e\000m\000b\000e\000r\000\040\000F\000u\000n\000c\000t\000i\000o\000n\000\040\000D\000o\000c\000u\000m\000e\000n\000t\000a\000t\000i\000o\000n}{section.11.8}% 160
\BOOKMARK [3][-]{subsubsection.11.8.2.1}{\376\377\0001\0001\000.\0008\000.\0002\000.\0001\000\040\000o\000p\000e\000r\000a\000t\000o\000r\000!\000=\000\050\000\051}{subsection.11.8.2}% 161
\BOOKMARK [1][-]{section.11.9}{\376\377\0001\0001\000.\0009\000\040\000s\000i\000m\000d\000j\000s\000o\000n\000:\000:\000d\000o\000m\000:\000:\000k\000e\000y\000\137\000v\000a\000l\000u\000e\000\137\000p\000a\000i\000r\000\040\000C\000l\000a\000s\000s\000\040\000R\000e\000f\000e\000r\000e\000n\000c\000e}{chapter.11}% 162
\BOOKMARK [2][-]{subsection.11.9.1}{\376\377\0001\0001\000.\0009\000.\0001\000\040\000D\000e\000t\000a\000i\000l\000e\000d\000\040\000D\000e\000s\000c\000r\000i\000p\000t\000i\000o\000n}{section.11.9}% 163
\BOOKMARK [1][-]{section.11.10}{\376\377\0001\0001\000.\0001\0000\000\040\000s\000i\000m\000d\000j\000s\000o\000n\000:\000:\000m\000i\000n\000i\000f\000i\000e\000r\000<\000\040\000T\000\040\000>\000\040\000C\000l\000a\000s\000s\000\040\000T\000e\000m\000p\000l\000a\000t\000e\000\040\000R\000e\000f\000e\000r\000e\000n\000c\000e}{chapter.11}% 164
\BOOKMARK [2][-]{subsection.11.10.1}{\376\377\0001\0001\000.\0001\0000\000.\0001\000\040\000D\000e\000t\000a\000i\000l\000e\000d\000\040\000D\000e\000s\000c\000r\000i\000p\000t\000i\000o\000n}{section.11.10}% 165
\BOOKMARK [2][-]{subsection.11.10.2}{\376\377\0001\0001\000.\0001\0000\000.\0002\000\040\000C\000o\000n\000s\000t\000r\000u\000c\000t\000o\000r\000\040\000\046\000\040\000D\000e\000s\000t\000r\000u\000c\000t\000o\000r\000\040\000D\000o\000c\000u\000m\000e\000n\000t\000a\000t\000i\000o\000n}{section.11.10}% 166
\BOOKMARK [3][-]{subsubsection.11.10.2.1}{\376\377\0001\0001\000.\0001\0000\000.\0002\000.\0001\000\040\000m\000i\000n\000i\000f\000i\000e\000r\000\050\000\051}{subsection.11.10.2}% 167
\BOOKMARK [1][-]{section.11.11}{\376\377\0001\0001\000.\0001\0001\000\040\000s\000i\000m\000d\000j\000s\000o\000n\000:\000:\000d\000o\000m\000:\000:\000o\000b\000j\000e\000c\000t\000\040\000C\000l\000a\000s\000s\000\040\000R\000e\000f\000e\000r\000e\000n\000c\000e}{chapter.11}% 168
\BOOKMARK [2][-]{subsection.11.11.1}{\376\377\0001\0001\000.\0001\0001\000.\0001\000\040\000D\000e\000t\000a\000i\000l\000e\000d\000\040\000D\000e\000s\000c\000r\000i\000p\000t\000i\000o\000n}{section.11.11}% 169
\BOOKMARK [2][-]{subsection.11.11.2}{\376\377\0001\0001\000.\0001\0001\000.\0002\000\040\000M\000e\000m\000b\000e\000r\000\040\000F\000u\000n\000c\000t\000i\000o\000n\000\040\000D\000o\000c\000u\000m\000e\000n\000t\000a\000t\000i\000o\000n}{section.11.11}% 170
\BOOKMARK [3][-]{subsubsection.11.11.2.1}{\376\377\0001\0001\000.\0001\0001\000.\0002\000.\0001\000\040\000a\000t\000\050\000\051}{subsection.11.11.2}% 171
\BOOKMARK [3][-]{subsubsection.11.11.2.2}{\376\377\0001\0001\000.\0001\0001\000.\0002\000.\0002\000\040\000a\000t\000\137\000k\000e\000y\000\050\000\051}{subsection.11.11.2}% 172
\BOOKMARK [3][-]{subsubsection.11.11.2.3}{\376\377\0001\0001\000.\0001\0001\000.\0002\000.\0003\000\040\000a\000t\000\137\000k\000e\000y\000\137\000c\000a\000s\000e\000\137\000i\000n\000s\000e\000n\000s\000i\000t\000i\000v\000e\000\050\000\051}{subsection.11.11.2}% 173
\BOOKMARK [3][-]{subsubsection.11.11.2.4}{\376\377\0001\0001\000.\0001\0001\000.\0002\000.\0004\000\040\000b\000e\000g\000i\000n\000\050\000\051}{subsection.11.11.2}% 174
\BOOKMARK [3][-]{subsubsection.11.11.2.5}{\376\377\0001\0001\000.\0001\0001\000.\0002\000.\0005\000\040\000e\000n\000d\000\050\000\051}{subsection.11.11.2}% 175
\BOOKMARK [3][-]{subsubsection.11.11.2.6}{\376\377\0001\0001\000.\0001\0001\000.\0002\000.\0006\000\040\000o\000p\000e\000r\000a\000t\000o\000r\000[\000]\000\050\000\051\000\040\000[\0001\000/\0002\000]}{subsection.11.11.2}% 176
\BOOKMARK [3][-]{subsubsection.11.11.2.7}{\376\377\0001\0001\000.\0001\0001\000.\0002\000.\0007\000\040\000o\000p\000e\000r\000a\000t\000o\000r\000[\000]\000\050\000\051\000\040\000[\0002\000/\0002\000]}{subsection.11.11.2}% 177
\BOOKMARK [3][-]{subsubsection.11.11.2.8}{\376\377\0001\0001\000.\0001\0001\000.\0002\000.\0008\000\040\000s\000i\000z\000e\000\050\000\051}{subsection.11.11.2}% 178
\BOOKMARK [1][-]{section.11.12}{\376\377\0001\0001\000.\0001\0002\000\040\000s\000i\000m\000d\000j\000s\000o\000n\000:\000:\000p\000a\000d\000d\000e\000d\000\137\000s\000t\000r\000i\000n\000g\000\040\000S\000t\000r\000u\000c\000t\000\040\000R\000e\000f\000e\000r\000e\000n\000c\000e}{chapter.11}% 179
\BOOKMARK [2][-]{subsection.11.12.1}{\376\377\0001\0001\000.\0001\0002\000.\0001\000\040\000D\000e\000t\000a\000i\000l\000e\000d\000\040\000D\000e\000s\000c\000r\000i\000p\000t\000i\000o\000n}{section.11.12}% 180
\BOOKMARK [2][-]{subsection.11.12.2}{\376\377\0001\0001\000.\0001\0002\000.\0002\000\040\000C\000o\000n\000s\000t\000r\000u\000c\000t\000o\000r\000\040\000\046\000\040\000D\000e\000s\000t\000r\000u\000c\000t\000o\000r\000\040\000D\000o\000c\000u\000m\000e\000n\000t\000a\000t\000i\000o\000n}{section.11.12}% 181
\BOOKMARK [3][-]{subsubsection.11.12.2.1}{\376\377\0001\0001\000.\0001\0002\000.\0002\000.\0001\000\040\000p\000a\000d\000d\000e\000d\000\137\000s\000t\000r\000i\000n\000g\000\050\000\051\000\040\000[\0001\000/\0005\000]}{subsection.11.12.2}% 182
\BOOKMARK [3][-]{subsubsection.11.12.2.2}{\376\377\0001\0001\000.\0001\0002\000.\0002\000.\0002\000\040\000p\000a\000d\000d\000e\000d\000\137\000s\000t\000r\000i\000n\000g\000\050\000\051\000\040\000[\0002\000/\0005\000]}{subsection.11.12.2}% 183
\BOOKMARK [3][-]{subsubsection.11.12.2.3}{\376\377\0001\0001\000.\0001\0002\000.\0002\000.\0003\000\040\000p\000a\000d\000d\000e\000d\000\137\000s\000t\000r\000i\000n\000g\000\050\000\051\000\040\000[\0003\000/\0005\000]}{subsection.11.12.2}% 184
\BOOKMARK [3][-]{subsubsection.11.12.2.4}{\376\377\0001\0001\000.\0001\0002\000.\0002\000.\0004\000\040\000p\000a\000d\000d\000e\000d\000\137\000s\000t\000r\000i\000n\000g\000\050\000\051\000\040\000[\0004\000/\0005\000]}{subsection.11.12.2}% 185
\BOOKMARK [3][-]{subsubsection.11.12.2.5}{\376\377\0001\0001\000.\0001\0002\000.\0002\000.\0005\000\040\000p\000a\000d\000d\000e\000d\000\137\000s\000t\000r\000i\000n\000g\000\050\000\051\000\040\000[\0005\000/\0005\000]}{subsection.11.12.2}% 186
\BOOKMARK [2][-]{subsection.11.12.3}{\376\377\0001\0001\000.\0001\0002\000.\0003\000\040\000M\000e\000m\000b\000e\000r\000\040\000F\000u\000n\000c\000t\000i\000o\000n\000\040\000D\000o\000c\000u\000m\000e\000n\000t\000a\000t\000i\000o\000n}{section.11.12}% 187
\BOOKMARK [3][-]{subsubsection.11.12.3.1}{\376\377\0001\0001\000.\0001\0002\000.\0003\000.\0001\000\040\000l\000e\000n\000g\000t\000h\000\050\000\051}{subsection.11.12.3}% 188
\BOOKMARK [3][-]{subsubsection.11.12.3.2}{\376\377\0001\0001\000.\0001\0002\000.\0003\000.\0002\000\040\000l\000o\000a\000d\000\050\000\051}{subsection.11.12.3}% 189
\BOOKMARK [3][-]{subsubsection.11.12.3.3}{\376\377\0001\0001\000.\0001\0002\000.\0003\000.\0003\000\040\000o\000p\000e\000r\000a\000t\000o\000r\000=\000\050\000\051}{subsection.11.12.3}% 190
\BOOKMARK [3][-]{subsubsection.11.12.3.4}{\376\377\0001\0001\000.\0001\0002\000.\0003\000.\0004\000\040\000s\000i\000z\000e\000\050\000\051}{subsection.11.12.3}% 191
\BOOKMARK [1][-]{section.11.13}{\376\377\0001\0001\000.\0001\0003\000\040\000s\000i\000m\000d\000j\000s\000o\000n\000:\000:\000d\000o\000m\000:\000:\000p\000a\000r\000s\000e\000r\000\040\000C\000l\000a\000s\000s\000\040\000R\000e\000f\000e\000r\000e\000n\000c\000e}{chapter.11}% 192
\BOOKMARK [2][-]{subsection.11.13.1}{\376\377\0001\0001\000.\0001\0003\000.\0001\000\040\000D\000e\000t\000a\000i\000l\000e\000d\000\040\000D\000e\000s\000c\000r\000i\000p\000t\000i\000o\000n}{section.11.13}% 193
\BOOKMARK [2][-]{subsection.11.13.2}{\376\377\0001\0001\000.\0001\0003\000.\0002\000\040\000C\000o\000n\000s\000t\000r\000u\000c\000t\000o\000r\000\040\000\046\000\040\000D\000e\000s\000t\000r\000u\000c\000t\000o\000r\000\040\000D\000o\000c\000u\000m\000e\000n\000t\000a\000t\000i\000o\000n}{section.11.13}% 194
\BOOKMARK [3][-]{subsubsection.11.13.2.1}{\376\377\0001\0001\000.\0001\0003\000.\0002\000.\0001\000\040\000p\000a\000r\000s\000e\000r\000\050\000\051\000\040\000[\0001\000/\0002\000]}{subsection.11.13.2}% 195
\BOOKMARK [3][-]{subsubsection.11.13.2.2}{\376\377\0001\0001\000.\0001\0003\000.\0002\000.\0002\000\040\000p\000a\000r\000s\000e\000r\000\050\000\051\000\040\000[\0002\000/\0002\000]}{subsection.11.13.2}% 196
\BOOKMARK [2][-]{subsection.11.13.3}{\376\377\0001\0001\000.\0001\0003\000.\0003\000\040\000M\000e\000m\000b\000e\000r\000\040\000F\000u\000n\000c\000t\000i\000o\000n\000\040\000D\000o\000c\000u\000m\000e\000n\000t\000a\000t\000i\000o\000n}{section.11.13}% 197
\BOOKMARK [3][-]{subsubsection.11.13.3.1}{\376\377\0001\0001\000.\0001\0003\000.\0003\000.\0001\000\040\000a\000l\000l\000o\000c\000a\000t\000e\000\050\000\051}{subsection.11.13.3}% 198
\BOOKMARK [3][-]{subsubsection.11.13.3.2}{\376\377\0001\0001\000.\0001\0003\000.\0003\000.\0002\000\040\000c\000a\000p\000a\000c\000i\000t\000y\000\050\000\051}{subsection.11.13.3}% 199
\BOOKMARK [3][-]{subsubsection.11.13.3.3}{\376\377\0001\0001\000.\0001\0003\000.\0003\000.\0003\000\040\000l\000o\000a\000d\000\050\000\051}{subsection.11.13.3}% 200
\BOOKMARK [3][-]{subsubsection.11.13.3.4}{\376\377\0001\0001\000.\0001\0003\000.\0003\000.\0004\000\040\000l\000o\000a\000d\000\137\000m\000a\000n\000y\000\050\000\051}{subsection.11.13.3}% 201
\BOOKMARK [3][-]{subsubsection.11.13.3.5}{\376\377\0001\0001\000.\0001\0003\000.\0003\000.\0005\000\040\000m\000a\000x\000\137\000c\000a\000p\000a\000c\000i\000t\000y\000\050\000\051}{subsection.11.13.3}% 202
\BOOKMARK [3][-]{subsubsection.11.13.3.6}{\376\377\0001\0001\000.\0001\0003\000.\0003\000.\0006\000\040\000m\000a\000x\000\137\000d\000e\000p\000t\000h\000\050\000\051}{subsection.11.13.3}% 203
\BOOKMARK [3][-]{subsubsection.11.13.3.7}{\376\377\0001\0001\000.\0001\0003\000.\0003\000.\0007\000\040\000o\000p\000e\000r\000a\000t\000o\000r\000=\000\050\000\051}{subsection.11.13.3}% 204
\BOOKMARK [3][-]{subsubsection.11.13.3.8}{\376\377\0001\0001\000.\0001\0003\000.\0003\000.\0008\000\040\000p\000a\000r\000s\000e\000\050\000\051}{subsection.11.13.3}% 205
\BOOKMARK [3][-]{subsubsection.11.13.3.9}{\376\377\0001\0001\000.\0001\0003\000.\0003\000.\0009\000\040\000p\000a\000r\000s\000e\000\137\000m\000a\000n\000y\000\050\000\051}{subsection.11.13.3}% 206
\BOOKMARK [3][-]{subsubsection.11.13.3.10}{\376\377\0001\0001\000.\0001\0003\000.\0003\000.\0001\0000\000\040\000s\000e\000t\000\137\000m\000a\000x\000\137\000c\000a\000p\000a\000c\000i\000t\000y\000\050\000\051}{subsection.11.13.3}% 207
\BOOKMARK [1][-]{section.11.14}{\376\377\0001\0001\000.\0001\0004\000\040\000s\000i\000m\000d\000j\000s\000o\000n\000:\000:\000s\000i\000m\000d\000j\000s\000o\000n\000\137\000e\000r\000r\000o\000r\000\040\000S\000t\000r\000u\000c\000t\000\040\000R\000e\000f\000e\000r\000e\000n\000c\000e}{chapter.11}% 208
\BOOKMARK [2][-]{subsection.11.14.1}{\376\377\0001\0001\000.\0001\0004\000.\0001\000\040\000D\000e\000t\000a\000i\000l\000e\000d\000\040\000D\000e\000s\000c\000r\000i\000p\000t\000i\000o\000n}{section.11.14}% 209
\BOOKMARK [2][-]{subsection.11.14.2}{\376\377\0001\0001\000.\0001\0004\000.\0002\000\040\000C\000o\000n\000s\000t\000r\000u\000c\000t\000o\000r\000\040\000\046\000\040\000D\000e\000s\000t\000r\000u\000c\000t\000o\000r\000\040\000D\000o\000c\000u\000m\000e\000n\000t\000a\000t\000i\000o\000n}{section.11.14}% 210
\BOOKMARK [3][-]{subsubsection.11.14.2.1}{\376\377\0001\0001\000.\0001\0004\000.\0002\000.\0001\000\040\000s\000i\000m\000d\000j\000s\000o\000n\000\137\000e\000r\000r\000o\000r\000\050\000\051}{subsection.11.14.2}% 211
\BOOKMARK [1][-]{section.11.15}{\376\377\0001\0001\000.\0001\0005\000\040\000s\000i\000m\000d\000j\000s\000o\000n\000:\000:\000s\000i\000m\000d\000j\000s\000o\000n\000\137\000r\000e\000s\000u\000l\000t\000<\000\040\000T\000\040\000>\000\040\000S\000t\000r\000u\000c\000t\000\040\000T\000e\000m\000p\000l\000a\000t\000e\000\040\000R\000e\000f\000e\000r\000e\000n\000c\000e}{chapter.11}% 212
\BOOKMARK [2][-]{subsection.11.15.1}{\376\377\0001\0001\000.\0001\0005\000.\0001\000\040\000D\000e\000t\000a\000i\000l\000e\000d\000\040\000D\000e\000s\000c\000r\000i\000p\000t\000i\000o\000n}{section.11.15}% 213
\BOOKMARK [2][-]{subsection.11.15.2}{\376\377\0001\0001\000.\0001\0005\000.\0002\000\040\000M\000e\000m\000b\000e\000r\000\040\000F\000u\000n\000c\000t\000i\000o\000n\000\040\000D\000o\000c\000u\000m\000e\000n\000t\000a\000t\000i\000o\000n}{section.11.15}% 214
\BOOKMARK [3][-]{subsubsection.11.15.2.1}{\376\377\0001\0001\000.\0001\0005\000.\0002\000.\0001\000\040\000g\000e\000t\000\050\000\051}{subsection.11.15.2}% 215
\BOOKMARK [3][-]{subsubsection.11.15.2.2}{\376\377\0001\0001\000.\0001\0005\000.\0002\000.\0002\000\040\000o\000p\000e\000r\000a\000t\000o\000r\000\040\000T\000\046\000\046\000\050\000\051}{subsection.11.15.2}% 216
\BOOKMARK [3][-]{subsubsection.11.15.2.3}{\376\377\0001\0001\000.\0001\0005\000.\0002\000.\0003\000\040\000t\000a\000k\000e\000\137\000v\000a\000l\000u\000e\000\050\000\051}{subsection.11.15.2}% 217
\BOOKMARK [3][-]{subsubsection.11.15.2.4}{\376\377\0001\0001\000.\0001\0005\000.\0002\000.\0004\000\040\000t\000i\000e\000\050\000\051}{subsection.11.15.2}% 218
\BOOKMARK [3][-]{subsubsection.11.15.2.5}{\376\377\0001\0001\000.\0001\0005\000.\0002\000.\0005\000\040\000v\000a\000l\000u\000e\000\050\000\051}{subsection.11.15.2}% 219
\BOOKMARK [1][-]{section.11.16}{\376\377\0001\0001\000.\0001\0006\000\040\000s\000i\000m\000d\000j\000s\000o\000n\000:\000:\000s\000i\000m\000d\000j\000s\000o\000n\000\137\000r\000e\000s\000u\000l\000t\000<\000\040\000d\000o\000m\000:\000:\000a\000r\000r\000a\000y\000\040\000>\000\040\000S\000t\000r\000u\000c\000t\000\040\000R\000e\000f\000e\000r\000e\000n\000c\000e}{chapter.11}% 220
\BOOKMARK [2][-]{subsection.11.16.1}{\376\377\0001\0001\000.\0001\0006\000.\0001\000\040\000D\000e\000t\000a\000i\000l\000e\000d\000\040\000D\000e\000s\000c\000r\000i\000p\000t\000i\000o\000n}{section.11.16}% 221
\BOOKMARK [1][-]{section.11.17}{\376\377\0001\0001\000.\0001\0007\000\040\000s\000i\000m\000d\000j\000s\000o\000n\000:\000:\000s\000i\000m\000d\000j\000s\000o\000n\000\137\000r\000e\000s\000u\000l\000t\000<\000\040\000d\000o\000m\000:\000:\000d\000o\000c\000u\000m\000e\000n\000t\000\137\000s\000t\000r\000e\000a\000m\000\040\000>\000\040\000S\000t\000r\000u\000c\000t\000\040\000R\000e\000f\000e\000r\000e\000n\000c\000e}{chapter.11}% 222
\BOOKMARK [2][-]{subsection.11.17.1}{\376\377\0001\0001\000.\0001\0007\000.\0001\000\040\000D\000e\000t\000a\000i\000l\000e\000d\000\040\000D\000e\000s\000c\000r\000i\000p\000t\000i\000o\000n}{section.11.17}% 223
\BOOKMARK [1][-]{section.11.18}{\376\377\0001\0001\000.\0001\0008\000\040\000s\000i\000m\000d\000j\000s\000o\000n\000:\000:\000s\000i\000m\000d\000j\000s\000o\000n\000\137\000r\000e\000s\000u\000l\000t\000<\000\040\000d\000o\000m\000:\000:\000e\000l\000e\000m\000e\000n\000t\000\040\000>\000\040\000S\000t\000r\000u\000c\000t\000\040\000R\000e\000f\000e\000r\000e\000n\000c\000e}{chapter.11}% 224
\BOOKMARK [2][-]{subsection.11.18.1}{\376\377\0001\0001\000.\0001\0008\000.\0001\000\040\000D\000e\000t\000a\000i\000l\000e\000d\000\040\000D\000e\000s\000c\000r\000i\000p\000t\000i\000o\000n}{section.11.18}% 225
\BOOKMARK [1][-]{section.11.19}{\376\377\0001\0001\000.\0001\0009\000\040\000s\000i\000m\000d\000j\000s\000o\000n\000:\000:\000s\000i\000m\000d\000j\000s\000o\000n\000\137\000r\000e\000s\000u\000l\000t\000<\000\040\000d\000o\000m\000:\000:\000o\000b\000j\000e\000c\000t\000\040\000>\000\040\000S\000t\000r\000u\000c\000t\000\040\000R\000e\000f\000e\000r\000e\000n\000c\000e}{chapter.11}% 226
\BOOKMARK [2][-]{subsection.11.19.1}{\376\377\0001\0001\000.\0001\0009\000.\0001\000\040\000D\000e\000t\000a\000i\000l\000e\000d\000\040\000D\000e\000s\000c\000r\000i\000p\000t\000i\000o\000n}{section.11.19}% 227
\BOOKMARK [0][-]{chapter.12}{\376\377\0001\0002\000\040\000F\000i\000l\000e\000\040\000D\000o\000c\000u\000m\000e\000n\000t\000a\000t\000i\000o\000n}{}% 228
\BOOKMARK [1][-]{section.12.1}{\376\377\0001\0002\000.\0001\000\040\000i\000n\000c\000l\000u\000d\000e\000/\000s\000i\000m\000d\000j\000s\000o\000n\000/\000s\000i\000m\000d\000j\000s\000o\000n\000.\000h\000\040\000F\000i\000l\000e\000\040\000R\000e\000f\000e\000r\000e\000n\000c\000e}{chapter.12}% 229
\BOOKMARK [2][-]{subsection.12.1.1}{\376\377\0001\0002\000.\0001\000.\0001\000\040\000D\000e\000t\000a\000i\000l\000e\000d\000\040\000D\000e\000s\000c\000r\000i\000p\000t\000i\000o\000n}{section.12.1}% 230
